TN:
SF:src\main.js
FN:15,(anonymous_0)
FNF:1
FNH:1
FNDA:16,(anonymous_0)
DA:9,16
DA:11,16
DA:15,16
LF:3
LH:3
BRF:0
BRH:0
end_of_record
TN:
SF:src\registerServiceWorker.js
FN:7,(anonymous_0)
FN:13,(anonymous_1)
FN:16,(anonymous_2)
FN:19,(anonymous_3)
FN:22,(anonymous_4)
FN:25,(anonymous_5)
FN:28,(anonymous_6)
FNF:7
FNH:0
FNDA:0,(anonymous_0)
FNDA:0,(anonymous_1)
FNDA:0,(anonymous_2)
FNDA:0,(anonymous_3)
FNDA:0,(anonymous_4)
FNDA:0,(anonymous_5)
FNDA:0,(anonymous_6)
DA:5,16
DA:6,0
DA:8,0
DA:14,0
DA:17,0
DA:20,0
DA:23,0
DA:26,0
DA:29,0
LF:9
LH:1
BRDA:5,0,0,0
BRDA:5,0,1,16
BRF:2
BRH:1
end_of_record
TN:
SF:src\router.js
FN:7,(anonymous_0)
FN:8,(anonymous_1)
FN:9,(anonymous_2)
FN:10,(anonymous_3)
FN:11,(anonymous_4)
FN:12,(anonymous_5)
FN:13,(anonymous_6)
FN:14,(anonymous_7)
FNF:8
FNH:1
FNDA:16,(anonymous_0)
FNDA:0,(anonymous_1)
FNDA:0,(anonymous_2)
FNDA:0,(anonymous_3)
FNDA:0,(anonymous_4)
FNDA:0,(anonymous_5)
FNDA:0,(anonymous_6)
FNDA:0,(anonymous_7)
DA:4,16
DA:7,16
DA:8,16
DA:9,16
DA:10,16
DA:11,16
DA:12,16
DA:13,16
DA:14,16
LF:9
LH:9
BRF:0
BRH:0
end_of_record
TN:
SF:src\api\announcement.js
FN:5,(anonymous_0)
FNF:1
FNH:1
FNDA:16,(anonymous_0)
DA:6,16
LF:1
LH:1
BRF:0
BRH:0
end_of_record
TN:
SF:src\api\attendance.js
FN:5,(anonymous_0)
FN:8,(anonymous_1)
FNF:2
FNH:1
FNDA:1,(anonymous_0)
FNDA:0,(anonymous_1)
DA:6,1
DA:9,0
LF:2
LH:1
BRF:0
BRH:0
end_of_record
TN:
SF:src\api\authentication.js
FN:5,(anonymous_0)
FNF:1
FNH:0
FNDA:0,(anonymous_0)
DA:6,0
LF:1
LH:0
BRF:0
BRH:0
end_of_record
TN:
SF:src\api\dashboard.js
FN:5,(anonymous_0)
FNF:1
FNH:1
FNDA:16,(anonymous_0)
DA:6,16
LF:1
LH:1
BRF:0
BRH:0
end_of_record
TN:
SF:src\api\request.js
FN:5,(anonymous_0)
FNF:1
FNH:0
FNDA:0,(anonymous_0)
DA:6,0
DA:7,0
LF:2
LH:0
BRF:0
BRH:0
end_of_record
TN:
SF:src\api\user.js
FN:5,(anonymous_0)
FN:8,(anonymous_1)
FN:11,(anonymous_2)
FN:14,(anonymous_3)
FN:17,(anonymous_4)
FN:20,(anonymous_5)
FNF:6
FNH:1
FNDA:32,(anonymous_0)
FNDA:0,(anonymous_1)
FNDA:0,(anonymous_2)
FNDA:0,(anonymous_3)
FNDA:0,(anonymous_4)
FNDA:0,(anonymous_5)
DA:6,32
DA:9,0
DA:12,0
DA:15,0
DA:18,0
DA:21,0
LF:6
LH:1
BRF:0
BRH:0
end_of_record
TN:
SF:src\api\mock\index.js
FN:20,applyMock
FN:21,(anonymous_1)
FN:33,(anonymous_2)
FNF:3
FNH:3
FNDA:16,applyMock
FNDA:192,(anonymous_1)
FNDA:65,(anonymous_2)
DA:5,16
DA:7,16
DA:12,16
DA:13,16
DA:21,16
DA:22,192
DA:23,192
DA:24,192
DA:25,128
DA:26,128
DA:29,64
DA:30,64
DA:32,192
DA:34,65
DA:35,65
DA:38,65
DA:47,16
LF:17
LH:17
BRDA:24,0,0,128
BRDA:24,0,1,0
BRDA:24,0,2,64
BRDA:39,1,0,65
BRDA:39,1,1,0
BRDA:47,2,0,16
BRDA:47,2,1,16
BRF:7
BRH:5
end_of_record
TN:
SF:src\api\mock\modules\api-routes.js
FNF:0
FNH:0
DA:1,16
LF:1
LH:1
BRF:0
BRH:0
end_of_record
TN:
SF:src\assets\js\color.js
FNF:0
FNH:0
LF:0
LH:0
BRF:0
BRH:0
end_of_record
TN:
SF:src\config\index.js
FN:9,(anonymous_0)
FN:10,(anonymous_1)
FNF:2
FNH:0
FNDA:0,(anonymous_0)
FNDA:0,(anonymous_1)
DA:1,16
DA:9,0
DA:10,0
LF:3
LH:1
BRF:0
BRH:0
end_of_record
TN:
SF:src\plugins\vuetify.js
FNF:0
FNH:0
DA:4,16
LF:1
LH:1
BRF:0
BRH:0
end_of_record
TN:
SF:src\store\index.js
FNF:0
FNH:0
DA:10,16
DA:12,16
LF:2
LH:2
BRF:0
BRH:0
end_of_record
TN:
SF:src\store\modules\announcement.js
FN:8,(anonymous_0)
FN:14,(anonymous_1)
FN:17,(anonymous_2)
FN:25,(anonymous_3)
FNF:4
FNH:4
FNDA:16,(anonymous_0)
FNDA:16,(anonymous_1)
FNDA:16,(anonymous_2)
FNDA:32,(anonymous_3)
DA:3,16
DA:7,16
DA:9,16
DA:13,16
DA:15,16
DA:18,16
DA:19,16
DA:24,16
DA:26,32
LF:9
LH:9
BRDA:26,0,0,32
BRDA:26,0,1,0
BRF:2
BRH:1
end_of_record
TN:
SF:src\store\modules\attendance.js
FN:10,(anonymous_0)
FN:13,(anonymous_1)
FN:16,(anonymous_2)
FN:19,(anonymous_3)
FNF:4
FNH:2
FNDA:1,(anonymous_0)
FNDA:1,(anonymous_1)
FNDA:0,(anonymous_2)
FNDA:0,(anonymous_3)
DA:3,16
DA:6,16
DA:8,16
DA:11,1
DA:13,1
DA:17,0
DA:19,0
DA:23,16
LF:8
LH:6
BRF:0
BRH:0
end_of_record
TN:
SF:src\store\modules\authentication.js
FN:10,(anonymous_0)
FN:13,(anonymous_1)
FNF:2
FNH:0
FNDA:0,(anonymous_0)
FNDA:0,(anonymous_1)
DA:3,16
DA:6,16
DA:8,16
DA:11,0
DA:13,0
DA:17,16
LF:6
LH:4
BRF:0
BRH:0
end_of_record
TN:
SF:src\store\modules\dashboard.js
FN:8,(anonymous_0)
FN:14,(anonymous_1)
FN:16,(anonymous_2)
FN:24,(anonymous_3)
FNF:4
FNH:4
FNDA:16,(anonymous_0)
FNDA:16,(anonymous_1)
FNDA:16,(anonymous_2)
FNDA:32,(anonymous_3)
DA:3,16
DA:7,16
DA:9,16
DA:13,16
DA:15,16
DA:17,16
DA:18,16
DA:23,16
DA:25,32
LF:9
LH:9
BRDA:25,0,0,32
BRDA:25,0,1,16
BRF:2
BRH:2
end_of_record
TN:
SF:src\store\modules\request.js
FN:9,(anonymous_0)
FN:11,(anonymous_1)
FNF:2
FNH:0
FNDA:0,(anonymous_0)
FNDA:0,(anonymous_1)
DA:3,16
DA:5,16
DA:7,16
DA:10,0
DA:12,0
DA:17,16
LF:6
LH:4
BRF:0
BRH:0
end_of_record
TN:
SF:src\store\modules\user.js
FN:13,(anonymous_0)
FN:16,(anonymous_1)
FN:19,(anonymous_2)
FN:22,(anonymous_3)
FN:25,(anonymous_4)
FN:28,(anonymous_5)
FN:34,(anonymous_6)
FN:36,(anonymous_7)
FN:41,(anonymous_8)
FN:43,(anonymous_9)
FN:48,(anonymous_10)
FN:50,(anonymous_11)
FN:55,(anonymous_12)
FN:57,(anonymous_13)
FN:62,(anonymous_14)
FN:64,(anonymous_15)
FN:69,(anonymous_16)
FN:71,(anonymous_17)
FN:79,(anonymous_18)
FN:82,(anonymous_19)
FN:85,(anonymous_20)
FN:88,(anonymous_21)
FN:91,(anonymous_22)
FN:94,(anonymous_23)
FNF:24
FNH:4
FNDA:32,(anonymous_0)
FNDA:0,(anonymous_1)
FNDA:0,(anonymous_2)
FNDA:0,(anonymous_3)
FNDA:0,(anonymous_4)
FNDA:0,(anonymous_5)
FNDA:32,(anonymous_6)
FNDA:32,(anonymous_7)
FNDA:0,(anonymous_8)
FNDA:0,(anonymous_9)
FNDA:0,(anonymous_10)
FNDA:0,(anonymous_11)
FNDA:0,(anonymous_12)
FNDA:0,(anonymous_13)
FNDA:0,(anonymous_14)
FNDA:0,(anonymous_15)
FNDA:0,(anonymous_16)
FNDA:0,(anonymous_17)
FNDA:32,(anonymous_18)
FNDA:0,(anonymous_19)
FNDA:0,(anonymous_20)
FNDA:0,(anonymous_21)
FNDA:0,(anonymous_22)
FNDA:0,(anonymous_23)
DA:3,16
DA:12,16
DA:14,32
DA:17,0
DA:20,0
DA:23,0
DA:26,0
DA:29,0
DA:33,16
DA:35,32
DA:37,32
DA:38,32
DA:42,0
DA:44,0
DA:45,0
DA:49,0
DA:51,0
DA:52,0
DA:56,0
DA:58,0
DA:59,0
DA:63,0
DA:65,0
DA:66,0
DA:70,0
DA:72,0
DA:73,0
DA:78,16
DA:80,32
DA:83,0
DA:86,0
DA:89,0
DA:92,0
DA:95,0
LF:34
LH:9
BRDA:80,0,0,32
BRDA:80,0,1,0
BRDA:83,1,0,0
BRDA:83,1,1,0
BRDA:86,2,0,0
BRDA:86,2,1,0
BRDA:89,3,0,0
BRDA:89,3,1,0
BRDA:92,4,0,0
BRDA:92,4,1,0
BRDA:95,5,0,0
BRDA:95,5,1,0
BRF:12
BRH:1
end_of_record
TN:
SF:src\utils\name-to-initials.js
FN:1,(anonymous_0)
FNF:1
FNH:1
FNDA:32,(anonymous_0)
DA:1,16
DA:2,32
DA:3,32
DA:4,32
LF:4
LH:4
BRDA:3,0,0,0
BRDA:3,0,1,32
BRF:2
BRH:1
end_of_record
TN:
SF:src\utils\timestamp.js
FN:4,(anonymous_0)
FN:7,(anonymous_1)
FN:10,(anonymous_2)
FN:13,(anonymous_3)
FN:16,(anonymous_4)
FN:19,(anonymous_5)
FN:22,(anonymous_6)
FNF:7
FNH:3
FNDA:0,(anonymous_0)
FNDA:33,(anonymous_1)
FNDA:0,(anonymous_2)
FNDA:0,(anonymous_3)
FNDA:0,(anonymous_4)
FNDA:65,(anonymous_5)
FNDA:193,(anonymous_6)
DA:5,0
DA:8,33
DA:11,0
DA:14,0
DA:17,0
DA:20,65
DA:23,193
LF:7
LH:3
BRF:0
BRH:0
end_of_record
TN:
SF:src\views\js\home.js
FN:13,(anonymous_0)
FN:24,(anonymous_1)
FN:25,(anonymous_2)
FN:44,(anonymous_3)
FN:52,(anonymous_4)
FN:57,(anonymous_5)
FN:67,(anonymous_6)
FN:73,(anonymous_7)
FN:74,(anonymous_8)
FN:76,(anonymous_9)
FN:81,(anonymous_10)
FN:82,(anonymous_11)
FN:84,(anonymous_12)
FN:85,(anonymous_13)
FN:86,(anonymous_14)
FN:89,(anonymous_15)
FN:90,(anonymous_16)
FN:94,(anonymous_17)
FN:98,(anonymous_18)
FN:101,(anonymous_19)
FN:104,(anonymous_20)
FN:112,(anonymous_21)
FN:119,(anonymous_22)
FNF:23
FNH:16
FNDA:16,(anonymous_0)
FNDA:14,(anonymous_1)
FNDA:14,(anonymous_2)
FNDA:2,(anonymous_3)
FNDA:2,(anonymous_4)
FNDA:4,(anonymous_5)
FNDA:1,(anonymous_6)
FNDA:1,(anonymous_7)
FNDA:0,(anonymous_8)
FNDA:0,(anonymous_9)
FNDA:0,(anonymous_10)
FNDA:0,(anonymous_11)
FNDA:0,(anonymous_12)
FNDA:0,(anonymous_13)
FNDA:1,(anonymous_14)
FNDA:0,(anonymous_15)
FNDA:1,(anonymous_16)
FNDA:1,(anonymous_17)
FNDA:33,(anonymous_18)
FNDA:193,(anonymous_19)
FNDA:65,(anonymous_20)
FNDA:32,(anonymous_21)
FNDA:16,(anonymous_22)
DA:14,16
DA:24,14
DA:25,14
DA:45,2
DA:46,2
DA:47,2
DA:48,2
DA:49,2
DA:50,2
DA:51,2
DA:52,2
DA:53,2
DA:58,4
DA:59,0
DA:68,1
DA:69,1
DA:73,1
DA:74,0
DA:77,0
DA:78,0
DA:81,0
DA:82,0
DA:87,1
DA:91,1
DA:92,1
DA:95,1
DA:96,1
DA:99,33
DA:102,193
DA:105,65
DA:113,32
DA:114,32
DA:116,0
DA:120,16
DA:121,16
DA:122,16
LF:36
LH:29
BRDA:24,0,0,14
BRDA:24,0,1,12
BRDA:48,1,0,2
BRDA:48,1,1,0
BRDA:58,2,0,0
BRDA:58,2,1,4
BRDA:113,3,0,32
BRDA:113,3,1,0
BRF:8
BRH:5
end_of_record
